12-18 15:57:40 com_github_MitjaNemec_ReplicateLayout.action_replicate_layout 392:Plugin executed on: 'win32'
12-18 15:57:40 com_github_MitjaNemec_ReplicateLayout.action_replicate_layout 393:Plugin executed with python version: '3.9.16 (main, Apr  9 2023, 05:22:13) [MSC v.1934 64 bit (AMD64)]'
12-18 15:57:40 com_github_MitjaNemec_ReplicateLayout.action_replicate_layout 394:KiCad build version: 7.0.2
12-18 15:57:40 com_github_MitjaNemec_ReplicateLayout.action_replicate_layout 395:Plugin version: 2.1.3
12-18 15:57:40 com_github_MitjaNemec_ReplicateLayout.action_replicate_layout 396:Frame repr: <wx._core.Frame object at 0x00000222BE3A3D30>
12-18 15:57:40 com_github_MitjaNemec_ReplicateLayout.action_replicate_layout 420:Preparing replicator with Q6 as a reference
12-18 15:57:40 com_github_MitjaNemec_ReplicateLayout.replicate_layout 117:getting a list of all footprints on board
12-18 15:57:40 com_github_MitjaNemec_ReplicateLayout.replicate_layout 136:Footprint G*** does not have Sheetfile property, it will not be replicated. Most likely it is only in layout
12-18 15:57:40 com_github_MitjaNemec_ReplicateLayout.replicate_layout 136:Footprint G*** does not have Sheetfile property, it will not be replicated. Most likely it is only in layout
12-18 15:57:40 com_github_MitjaNemec_ReplicateLayout.action_replicate_layout 468:source anchor footprint is 'Q6'
Located on: ['A9G_GSM_GPRS_MODULE', 'MOSFET_LOGIC_LEVEL_TRANSLATOR7']
With filenames: ['A9G_GSM_GPRS_MODULE.kicad_sch', 'MOSFET_LOGIC_LEVEL_TRANSLATOR.kicad_sch']
With sheet_id:['A9G_GSM_GPRS_MODULE', 'MOSFET_LOGIC_LEVEL_TRANSLATOR7']
12-18 15:57:40 com_github_MitjaNemec_ReplicateLayout.action_replicate_layout 475:Corresponding footprints are 
[('Q4', ['A9G_GSM_GPRS_MODULE', 'MOSFET_LOGIC_LEVEL_TRANSLATOR9']), ('Q6', ['A9G_GSM_GPRS_MODULE', 'MOSFET_LOGIC_LEVEL_TRANSLATOR7']), ('Q5', ['A9G_GSM_GPRS_MODULE', 'MOSFET_LOGIC_LEVEL_TRANSLATOR6']), ('Q7', ['A9G_GSM_GPRS_MODULE', 'MOSFET_LOGIC_LEVEL_TRANSLATOR8'])]
12-18 15:57:40 com_github_MitjaNemec_ReplicateLayout.action_replicate_layout 487:Showing dialog
12-18 15:57:41 com_github_MitjaNemec_ReplicateLayout.replicate_layout 424:constructing a list of sheets suitable for replication on level:'MOSFET_LOGIC_LEVEL_TRANSLATOR7', file:'MOSFET_LOGIC_LEVEL_TRANSLATOR.kicad_sch'
12-18 15:57:41 com_github_MitjaNemec_ReplicateLayout.replicate_layout 461:suitable sheets are:[['A9G_GSM_GPRS_MODULE', 'MOSFET_LOGIC_LEVEL_TRANSLATOR6'], ['A9G_GSM_GPRS_MODULE', 'MOSFET_LOGIC_LEVEL_TRANSLATOR8'], ['A9G_GSM_GPRS_MODULE', 'MOSFET_LOGIC_LEVEL_TRANSLATOR9']]
12-18 15:57:41 com_github_MitjaNemec_ReplicateLayout.replicate_layout 1464:Level selected: ['A9G_GSM_GPRS_MODULE', 'MOSFET_LOGIC_LEVEL_TRANSLATOR7']
12-18 15:57:41 com_github_MitjaNemec_ReplicateLayout.replicate_layout 1299:Filtering list of tracks
12-18 15:57:41 com_github_MitjaNemec_ReplicateLayout.action_replicate_layout 493:Toolbar position: wx.Point(3798, 85)
12-18 15:57:41 com_github_MitjaNemec_ReplicateLayout.action_replicate_layout 498:Dialog position: wx.Point(3359, 85)
12-18 15:57:44 com_github_MitjaNemec_ReplicateLayout.replicate_layout 424:constructing a list of sheets suitable for replication on level:'MOSFET_LOGIC_LEVEL_TRANSLATOR7', file:'MOSFET_LOGIC_LEVEL_TRANSLATOR.kicad_sch'
12-18 15:57:44 com_github_MitjaNemec_ReplicateLayout.replicate_layout 461:suitable sheets are:[['A9G_GSM_GPRS_MODULE', 'MOSFET_LOGIC_LEVEL_TRANSLATOR6'], ['A9G_GSM_GPRS_MODULE', 'MOSFET_LOGIC_LEVEL_TRANSLATOR8'], ['A9G_GSM_GPRS_MODULE', 'MOSFET_LOGIC_LEVEL_TRANSLATOR9']]
12-18 15:57:44 com_github_MitjaNemec_ReplicateLayout.action_replicate_layout 240:Replicating layout
12-18 15:57:45 com_github_MitjaNemec_ReplicateLayout.replicate_layout 240:Starting replication of sheets: [['A9G_GSM_GPRS_MODULE', 'MOSFET_LOGIC_LEVEL_TRANSLATOR6'], ['A9G_GSM_GPRS_MODULE', 'MOSFET_LOGIC_LEVEL_TRANSLATOR8'], ['A9G_GSM_GPRS_MODULE', 'MOSFET_LOGIC_LEVEL_TRANSLATOR9']]
on level: ['A9G_GSM_GPRS_MODULE', 'MOSFET_LOGIC_LEVEL_TRANSLATOR7']
with tracks=True, zone=True, text=True, text=True, intersecting=False, remove=False, locked footprints=False, group_only=False
12-18 15:57:45 root 332:updating GUI message: 'Preparing for replication'
12-18 15:57:45 root 337:updating GUI with: 0
12-18 15:57:45 com_github_MitjaNemec_ReplicateLayout.replicate_layout 310:Getting the list of source footprints
12-18 15:57:45 root 337:updating GUI with: 0
12-18 15:57:45 com_github_MitjaNemec_ReplicateLayout.replicate_layout 320:Getting the list of all the remaining footprints
12-18 15:57:45 com_github_MitjaNemec_ReplicateLayout.replicate_layout 327:Getting source tracks
12-18 15:57:45 com_github_MitjaNemec_ReplicateLayout.replicate_layout 1299:Filtering list of tracks
12-18 15:57:45 com_github_MitjaNemec_ReplicateLayout.replicate_layout 331:Getting source zones
12-18 15:57:45 root 337:updating GUI with: 50
12-18 15:57:45 com_github_MitjaNemec_ReplicateLayout.replicate_layout 335:Getting source text items
12-18 15:57:45 root 337:updating GUI with: 66
12-18 15:57:45 com_github_MitjaNemec_ReplicateLayout.replicate_layout 339:Getting source drawing items
12-18 15:57:45 root 332:updating GUI message: 'Replicating footprints'
12-18 15:57:45 com_github_MitjaNemec_ReplicateLayout.replicate_layout 806:Replicating footprints
12-18 15:57:45 root 337:updating GUI with: 0
12-18 15:57:45 com_github_MitjaNemec_ReplicateLayout.replicate_layout 813:Replicating footprints on sheet ['A9G_GSM_GPRS_MODULE', 'MOSFET_LOGIC_LEVEL_TRANSLATOR6']
12-18 15:57:45 root 337:updating GUI with: 16
12-18 15:57:45 root 337:updating GUI with: 33
12-18 15:57:45 com_github_MitjaNemec_ReplicateLayout.replicate_layout 813:Replicating footprints on sheet ['A9G_GSM_GPRS_MODULE', 'MOSFET_LOGIC_LEVEL_TRANSLATOR8']
12-18 15:57:45 com_github_MitjaNemec_ReplicateLayout.replicate_layout 813:Replicating footprints on sheet ['A9G_GSM_GPRS_MODULE', 'MOSFET_LOGIC_LEVEL_TRANSLATOR9']
12-18 15:57:45 root 337:updating GUI with: 83
12-18 15:57:45 root 332:updating GUI message: 'Replicating tracks'
12-18 15:57:45 com_github_MitjaNemec_ReplicateLayout.replicate_layout 977:Replicating tracks
12-18 15:57:45 root 337:updating GUI with: 0
12-18 15:57:45 com_github_MitjaNemec_ReplicateLayout.replicate_layout 983:Replicating tracks on sheet ['A9G_GSM_GPRS_MODULE', 'MOSFET_LOGIC_LEVEL_TRANSLATOR6']
12-18 15:57:45 com_github_MitjaNemec_ReplicateLayout.replicate_layout 766:Net pairs for sheet ['A9G_GSM_GPRS_MODULE', 'MOSFET_LOGIC_LEVEL_TRANSLATOR6'] :[('Net-(Q6-S)', 'Net-(Q5-S)'), ('/STM32F103C8T6_MCU/TX2', '/STM32F103C8T6_MCU/RX2'), ('+3V3', '+3V3'), ('/A9G_GSM_GPRS_MODULE/MOSFET_LOGIC_LEVEL_TRANSLATOR7/LOW_SIDE_LOGIC_SIGNAL', '/A9G_GSM_GPRS_MODULE/MOSFET_LOGIC_LEVEL_TRANSLATOR6/LOW_SIDE_LOGIC_SIGNAL'), ('2V8', '2V8')]
12-18 15:57:45 root 337:updating GUI with: 33
12-18 15:57:45 com_github_MitjaNemec_ReplicateLayout.replicate_layout 983:Replicating tracks on sheet ['A9G_GSM_GPRS_MODULE', 'MOSFET_LOGIC_LEVEL_TRANSLATOR8']
12-18 15:57:45 com_github_MitjaNemec_ReplicateLayout.replicate_layout 766:Net pairs for sheet ['A9G_GSM_GPRS_MODULE', 'MOSFET_LOGIC_LEVEL_TRANSLATOR8'] :[('/STM32F103C8T6_MCU/TX2', '/STM32F103C8T6_MCU/TX1'), ('+3V3', '+3V3'), ('Net-(Q6-S)', 'Net-(Q7-S)'), ('/A9G_GSM_GPRS_MODULE/MOSFET_LOGIC_LEVEL_TRANSLATOR7/LOW_SIDE_LOGIC_SIGNAL', '/A9G_GSM_GPRS_MODULE/MOSFET_LOGIC_LEVEL_TRANSLATOR8/LOW_SIDE_LOGIC_SIGNAL'), ('2V8', '2V8')]
12-18 15:57:45 root 337:updating GUI with: 66
12-18 15:57:45 com_github_MitjaNemec_ReplicateLayout.replicate_layout 983:Replicating tracks on sheet ['A9G_GSM_GPRS_MODULE', 'MOSFET_LOGIC_LEVEL_TRANSLATOR9']
12-18 15:57:45 com_github_MitjaNemec_ReplicateLayout.replicate_layout 766:Net pairs for sheet ['A9G_GSM_GPRS_MODULE', 'MOSFET_LOGIC_LEVEL_TRANSLATOR9'] :[('Net-(Q6-S)', 'Net-(Q4-S)'), ('/STM32F103C8T6_MCU/TX2', '/STM32F103C8T6_MCU/RX1'), ('+3V3', '+3V3'), ('/A9G_GSM_GPRS_MODULE/MOSFET_LOGIC_LEVEL_TRANSLATOR7/LOW_SIDE_LOGIC_SIGNAL', '/A9G_GSM_GPRS_MODULE/MOSFET_LOGIC_LEVEL_TRANSLATOR9/LOW_SIDE_LOGIC_SIGNAL'), ('2V8', '2V8')]
12-18 15:57:45 root 332:updating GUI message: 'Replicating zones'
12-18 15:57:45 root 337:updating GUI with: 0
12-18 15:57:45 com_github_MitjaNemec_ReplicateLayout.replicate_layout 1047:Replicating zones
12-18 15:57:45 com_github_MitjaNemec_ReplicateLayout.replicate_layout 1054:Replicating zones on sheet ['A9G_GSM_GPRS_MODULE', 'MOSFET_LOGIC_LEVEL_TRANSLATOR6']
12-18 15:57:45 com_github_MitjaNemec_ReplicateLayout.replicate_layout 766:Net pairs for sheet ['A9G_GSM_GPRS_MODULE', 'MOSFET_LOGIC_LEVEL_TRANSLATOR6'] :[('Net-(Q6-S)', 'Net-(Q5-S)'), ('/STM32F103C8T6_MCU/TX2', '/STM32F103C8T6_MCU/RX2'), ('+3V3', '+3V3'), ('/A9G_GSM_GPRS_MODULE/MOSFET_LOGIC_LEVEL_TRANSLATOR7/LOW_SIDE_LOGIC_SIGNAL', '/A9G_GSM_GPRS_MODULE/MOSFET_LOGIC_LEVEL_TRANSLATOR6/LOW_SIDE_LOGIC_SIGNAL'), ('2V8', '2V8')]
12-18 15:57:45 root 337:updating GUI with: 33
12-18 15:57:45 com_github_MitjaNemec_ReplicateLayout.replicate_layout 1054:Replicating zones on sheet ['A9G_GSM_GPRS_MODULE', 'MOSFET_LOGIC_LEVEL_TRANSLATOR8']
12-18 15:57:45 com_github_MitjaNemec_ReplicateLayout.replicate_layout 766:Net pairs for sheet ['A9G_GSM_GPRS_MODULE', 'MOSFET_LOGIC_LEVEL_TRANSLATOR8'] :[('/STM32F103C8T6_MCU/TX2', '/STM32F103C8T6_MCU/TX1'), ('+3V3', '+3V3'), ('Net-(Q6-S)', 'Net-(Q7-S)'), ('/A9G_GSM_GPRS_MODULE/MOSFET_LOGIC_LEVEL_TRANSLATOR7/LOW_SIDE_LOGIC_SIGNAL', '/A9G_GSM_GPRS_MODULE/MOSFET_LOGIC_LEVEL_TRANSLATOR8/LOW_SIDE_LOGIC_SIGNAL'), ('2V8', '2V8')]
12-18 15:57:45 root 337:updating GUI with: 66
12-18 15:57:45 com_github_MitjaNemec_ReplicateLayout.replicate_layout 1054:Replicating zones on sheet ['A9G_GSM_GPRS_MODULE', 'MOSFET_LOGIC_LEVEL_TRANSLATOR9']
12-18 15:57:45 com_github_MitjaNemec_ReplicateLayout.replicate_layout 766:Net pairs for sheet ['A9G_GSM_GPRS_MODULE', 'MOSFET_LOGIC_LEVEL_TRANSLATOR9'] :[('Net-(Q6-S)', 'Net-(Q4-S)'), ('/STM32F103C8T6_MCU/TX2', '/STM32F103C8T6_MCU/RX1'), ('+3V3', '+3V3'), ('/A9G_GSM_GPRS_MODULE/MOSFET_LOGIC_LEVEL_TRANSLATOR7/LOW_SIDE_LOGIC_SIGNAL', '/A9G_GSM_GPRS_MODULE/MOSFET_LOGIC_LEVEL_TRANSLATOR9/LOW_SIDE_LOGIC_SIGNAL'), ('2V8', '2V8')]
12-18 15:57:45 root 332:updating GUI message: 'Replicating text'
12-18 15:57:45 root 337:updating GUI with: 0
12-18 15:57:45 com_github_MitjaNemec_ReplicateLayout.replicate_layout 1136:Replicating text
12-18 15:57:45 com_github_MitjaNemec_ReplicateLayout.replicate_layout 1143:Replicating text on sheet ['A9G_GSM_GPRS_MODULE', 'MOSFET_LOGIC_LEVEL_TRANSLATOR6']
12-18 15:57:45 com_github_MitjaNemec_ReplicateLayout.replicate_layout 1143:Replicating text on sheet ['A9G_GSM_GPRS_MODULE', 'MOSFET_LOGIC_LEVEL_TRANSLATOR8']
12-18 15:57:45 com_github_MitjaNemec_ReplicateLayout.replicate_layout 1143:Replicating text on sheet ['A9G_GSM_GPRS_MODULE', 'MOSFET_LOGIC_LEVEL_TRANSLATOR9']
12-18 15:57:45 root 332:updating GUI message: 'Replicating drawings'
12-18 15:57:45 com_github_MitjaNemec_ReplicateLayout.replicate_layout 1187:Replicating drawings
12-18 15:57:45 root 337:updating GUI with: 0
12-18 15:57:45 com_github_MitjaNemec_ReplicateLayout.replicate_layout 1193:Replicating drawings on sheet ['A9G_GSM_GPRS_MODULE', 'MOSFET_LOGIC_LEVEL_TRANSLATOR6']
12-18 15:57:45 com_github_MitjaNemec_ReplicateLayout.replicate_layout 1193:Replicating drawings on sheet ['A9G_GSM_GPRS_MODULE', 'MOSFET_LOGIC_LEVEL_TRANSLATOR8']
12-18 15:57:45 com_github_MitjaNemec_ReplicateLayout.replicate_layout 1193:Replicating drawings on sheet ['A9G_GSM_GPRS_MODULE', 'MOSFET_LOGIC_LEVEL_TRANSLATOR9']
12-18 15:57:47 com_github_MitjaNemec_ReplicateLayout.action_replicate_layout 256:Replication complete
